{
  "stats": {
    "suites": 1,
    "tests": 1,
    "passes": 1,
    "pending": 0,
    "failures": 0,
    "start": "2024-03-22T08:25:39.854Z",
    "end": "2024-03-22T08:25:39.902Z",
    "duration": 48,
    "testsRegistered": 1,
    "passPercent": 100,
    "pendingPercent": 0,
    "other": 0,
    "hasOther": false,
    "skipped": 0,
    "hasSkipped": false
  },
  "results": [
    {
      "uuid": "6f6c6158-6ff0-43b8-982b-e5931d5f7ad0",
      "title": "",
      "fullFile": "cypress\\test_scripts\\TC006_handle_async.js",
      "file": "cypress\\test_scripts\\TC006_handle_async.js",
      "beforeHooks": [],
      "afterHooks": [],
      "tests": [],
      "suites": [
        {
          "uuid": "02448cd9-f37d-485a-b4bf-592df818296a",
          "title": "Testing handle async request",
          "fullFile": "",
          "file": "",
          "beforeHooks": [],
          "afterHooks": [],
          "tests": [
            {
              "title": "should be able to wait until a request resolved",
              "fullTitle": "Testing handle async request should be able to wait until a request resolved",
              "timedOut": null,
              "duration": 30,
              "state": "passed",
              "speed": "fast",
              "pass": true,
              "fail": false,
              "pending": false,
              "context": null,
              "code": "//CRUD\nlet url = 'https://jsonplaceholder.typicode.com/posts';\nlet header = {\n  'Content-type': 'application/json; charset=UTF-8'\n};\nlet createdPostBody = {\n  title: 'foo',\n  body: 'bar',\n  userId: 1\n};\nlet updatedPostBody = {\n  title: 'fooqqqqq',\n  body: 'bar',\n  userId: 1\n};\ncy.request({\n  method: \"POST\",\n  url: url,\n  headers: header,\n  body: createdPostBody\n}).then(res => {\n  cy.request({\n    url: url + '/' + (Number(res.body.id) - 1).toString(),\n    method: 'GET'\n  }).then(res => {\n    cy.request({\n      method: 'PUT',\n      url: url + '/' + res.body.id,\n      headers: header,\n      body: updatedPostBody\n    }).then(res => {\n      cy.request({\n        method: \"DELETE\",\n        url: url + '/' + res.body.id\n      }).then(res => {\n        cy.log(JSON.stringify(res));\n      });\n    });\n  });\n});",
              "err": {},
              "uuid": "10446768-92a8-4116-a59a-78152d783306",
              "parentUUID": "02448cd9-f37d-485a-b4bf-592df818296a",
              "isHook": false,
              "skipped": false
            }
          ],
          "suites": [],
          "passes": [
            "10446768-92a8-4116-a59a-78152d783306"
          ],
          "failures": [],
          "pending": [],
          "skipped": [],
          "duration": 30,
          "root": false,
          "rootEmpty": false,
          "_timeout": 2000
        }
      ],
      "passes": [],
      "failures": [],
      "pending": [],
      "skipped": [],
      "duration": 0,
      "root": true,
      "rootEmpty": true,
      "_timeout": 2000
    }
  ],
  "meta": {
    "mocha": {
      "version": "7.0.1"
    },
    "mochawesome": {
      "options": {
        "quiet": false,
        "reportFilename": "mochawesome",
        "saveHtml": false,
        "saveJson": true,
        "consoleReporter": "spec",
        "useInlineDiffs": false,
        "code": true
      },
      "version": "7.1.3"
    },
    "marge": {
      "options": {
        "reportDir": "result",
        "overwrite": false,
        "html": false,
        "json": true
      },
      "version": "6.2.0"
    }
  }
}