{
  "stats": {
    "suites": 1,
    "tests": 1,
    "passes": 1,
    "pending": 0,
    "failures": 0,
    "start": "2024-03-22T08:25:37.275Z",
    "end": "2024-03-22T08:25:37.655Z",
    "duration": 380,
    "testsRegistered": 1,
    "passPercent": 100,
    "pendingPercent": 0,
    "other": 0,
    "hasOther": false,
    "skipped": 0,
    "hasSkipped": false
  },
  "results": [
    {
      "uuid": "4f51405f-cede-4e31-b281-76ee0f0f6904",
      "title": "",
      "fullFile": "cypress\\test_scripts\\TC005_DELETE_request.js",
      "file": "cypress\\test_scripts\\TC005_DELETE_request.js",
      "beforeHooks": [],
      "afterHooks": [],
      "tests": [],
      "suites": [
        {
          "uuid": "ac2b9c11-eec7-4050-9d21-9013edd73f88",
          "title": "Testing DELETE method",
          "fullFile": "",
          "file": "",
          "beforeHooks": [],
          "afterHooks": [],
          "tests": [
            {
              "title": "should be able to send a DELETE request",
              "fullTitle": "Testing DELETE method should be able to send a DELETE request",
              "timedOut": null,
              "duration": 361,
              "state": "passed",
              "speed": "fast",
              "pass": true,
              "fail": false,
              "pending": false,
              "context": null,
              "code": "cy.request({\n  method: _Method.DEFAULT.delete,\n  url: 'https://jsonplaceholder.typicode.com/posts/1'\n}).then(res => {\n  cy.log(res.status);\n  expect(res.status).to.eq(200, 'Verifing response header');\n});",
              "err": {},
              "uuid": "67a4a83c-2919-4e28-af24-ad30ba0326ca",
              "parentUUID": "ac2b9c11-eec7-4050-9d21-9013edd73f88",
              "isHook": false,
              "skipped": false
            }
          ],
          "suites": [],
          "passes": [
            "67a4a83c-2919-4e28-af24-ad30ba0326ca"
          ],
          "failures": [],
          "pending": [],
          "skipped": [],
          "duration": 361,
          "root": false,
          "rootEmpty": false,
          "_timeout": 2000
        }
      ],
      "passes": [],
      "failures": [],
      "pending": [],
      "skipped": [],
      "duration": 0,
      "root": true,
      "rootEmpty": true,
      "_timeout": 2000
    }
  ],
  "meta": {
    "mocha": {
      "version": "7.0.1"
    },
    "mochawesome": {
      "options": {
        "quiet": false,
        "reportFilename": "mochawesome",
        "saveHtml": false,
        "saveJson": true,
        "consoleReporter": "spec",
        "useInlineDiffs": false,
        "code": true
      },
      "version": "7.1.3"
    },
    "marge": {
      "options": {
        "reportDir": "result",
        "overwrite": false,
        "html": false,
        "json": true
      },
      "version": "6.2.0"
    }
  }
}