{
  "stats": {
    "suites": 1,
    "tests": 1,
    "passes": 1,
    "pending": 0,
    "failures": 0,
    "start": "2024-03-22T08:25:42.482Z",
    "end": "2024-03-22T08:25:42.528Z",
    "duration": 46,
    "testsRegistered": 1,
    "passPercent": 100,
    "pendingPercent": 0,
    "other": 0,
    "hasOther": false,
    "skipped": 0,
    "hasSkipped": false
  },
  "results": [
    {
      "uuid": "bc9d3187-b98f-4f1c-a6d4-e823710e26f0",
      "title": "",
      "fullFile": "cypress\\test_scripts\\TC007_custom_commands.js",
      "file": "cypress\\test_scripts\\TC007_custom_commands.js",
      "beforeHooks": [],
      "afterHooks": [],
      "tests": [],
      "suites": [
        {
          "uuid": "6843cd8a-f434-433d-be3b-b92799a76235",
          "title": "Testing handle async request",
          "fullFile": "",
          "file": "",
          "beforeHooks": [],
          "afterHooks": [],
          "tests": [
            {
              "title": "should be able to wait until a request resolved",
              "fullTitle": "Testing handle async request should be able to wait until a request resolved",
              "timedOut": null,
              "duration": 28,
              "state": "passed",
              "speed": "fast",
              "pass": true,
              "fail": false,
              "pending": false,
              "context": null,
              "code": "//CRUD\n//let url = 'https://jsonplaceholder.typicode.com/posts'\nlet url = Cypress.env('baseUrl');\n//Run cmd: yarn test --spec cypress/test_scripts/TC007_custom_commands.js --env baseUrl=https://jsonplaceholder.typicode.com/posts\n//let header = {'Content-type': 'application/json; charset=UTF-8',}\nlet createdPostBody = {\n  title: 'foo',\n  body: 'bar',\n  userId: 1\n};\nlet updatedPostBody = {\n  title: 'fooqqqqq',\n  body: 'bar',\n  userId: 1\n};\ncy.createPost(createdPostBody).then(res => {\n  cy.getPost((Number(res.body.id) - 1).toString()).then(res => {\n    cy.request({\n      method: 'PUT',\n      url: url + '/' + res.body.id,\n      headers: header,\n      body: updatedPostBody\n    }).then(res => {\n      cy.request({\n        method: \"DELETE\",\n        url: url + '/' + res.body.id\n      }).then(res => {\n        cy.log(JSON.stringify(res));\n      });\n    });\n  });\n});",
              "err": {},
              "uuid": "f994aa43-f502-4078-b3fa-8c6513563dec",
              "parentUUID": "6843cd8a-f434-433d-be3b-b92799a76235",
              "isHook": false,
              "skipped": false
            }
          ],
          "suites": [],
          "passes": [
            "f994aa43-f502-4078-b3fa-8c6513563dec"
          ],
          "failures": [],
          "pending": [],
          "skipped": [],
          "duration": 28,
          "root": false,
          "rootEmpty": false,
          "_timeout": 2000
        }
      ],
      "passes": [],
      "failures": [],
      "pending": [],
      "skipped": [],
      "duration": 0,
      "root": true,
      "rootEmpty": true,
      "_timeout": 2000
    }
  ],
  "meta": {
    "mocha": {
      "version": "7.0.1"
    },
    "mochawesome": {
      "options": {
        "quiet": false,
        "reportFilename": "mochawesome",
        "saveHtml": false,
        "saveJson": true,
        "consoleReporter": "spec",
        "useInlineDiffs": false,
        "code": true
      },
      "version": "7.1.3"
    },
    "marge": {
      "options": {
        "reportDir": "result",
        "overwrite": false,
        "html": false,
        "json": true
      },
      "version": "6.2.0"
    }
  }
}